0 info it worked if it ends with ok
1 verbose cli [ '/usr/local/bin/node',
1 verbose cli   '/usr/local/bin/npm',
1 verbose cli   'run',
1 verbose cli   'dev-server' ]
2 info using npm@3.10.10
3 info using node@v6.11.2
4 verbose run-script [ 'predev-server', 'dev-server', 'postdev-server' ]
5 info lifecycle react-expression@1.0.0~predev-server: react-expression@1.0.0
6 silly lifecycle react-expression@1.0.0~predev-server: no script for predev-server, continuing
7 info lifecycle react-expression@1.0.0~dev-server: react-expression@1.0.0
8 verbose lifecycle react-expression@1.0.0~dev-server: unsafe-perm in lifecycle true
9 verbose lifecycle react-expression@1.0.0~dev-server: PATH: /usr/local/lib/node_modules/npm/bin/node-gyp-bin:/Users/kykihk/develop/electron_react/react-expression/node_modules/.bin:/usr/local/bin:/usr/bin:/bin:/usr/sbin:/sbin:/opt/X11/bin
10 verbose lifecycle react-expression@1.0.0~dev-server: CWD: /Users/kykihk/develop/electron_react/react-expression
11 silly lifecycle react-expression@1.0.0~dev-server: Args: [ '-c', 'webpact-dev-server' ]
12 info lifecycle react-expression@1.0.0~dev-server: Failed to exec dev-server script
13 verbose stack Error: react-expression@1.0.0 dev-server: `webpact-dev-server`
13 verbose stack spawn ENOENT
13 verbose stack     at ChildProcess.<anonymous> (/usr/local/lib/node_modules/npm/lib/utils/spawn.js:33:16)
13 verbose stack     at emitTwo (events.js:106:13)
13 verbose stack     at ChildProcess.emit (events.js:191:7)
13 verbose stack     at maybeClose (internal/child_process.js:891:16)
13 verbose stack     at Process.ChildProcess._handle.onexit (internal/child_process.js:226:5)
14 verbose pkgid react-expression@1.0.0
15 verbose cwd /Users/kykihk/develop/electron_react/react-expression
16 error Darwin 16.6.0
17 error argv "/usr/local/bin/node" "/usr/local/bin/npm" "run" "dev-server"
18 error node v6.11.2
19 error npm  v3.10.10
20 error file sh
21 error code ELIFECYCLE
22 error errno ENOENT
23 error syscall spawn
24 error react-expression@1.0.0 dev-server: `webpact-dev-server`
24 error spawn ENOENT
25 error Failed at the react-expression@1.0.0 dev-server script 'webpact-dev-server'.
25 error Make sure you have the latest version of node.js and npm installed.
25 error If you do, this is most likely a problem with the react-expression package,
25 error not with npm itself.
25 error Tell the author that this fails on your system:
25 error     webpact-dev-server
25 error You can get information on how to open an issue for this project with:
25 error     npm bugs react-expression
25 error Or if that isn't available, you can get their info via:
25 error     npm owner ls react-expression
25 error There is likely additional logging output above.
26 verbose exit [ 1, true ]
